C51 COMPILER V9.00   MAIN                                                                  05/22/2019 22:12:57 PAGE 1   


C51 COMPILER V9.00, COMPILATION OF MODULE MAIN
OBJECT MODULE PLACED IN .\main.obj
COMPILER INVOKED BY: C:\Keil\C51\BIN\C51.EXE ..\code\main.c LARGE BROWSE DEBUG OBJECTEXTEND PRINT(.\main.lst) OBJECT(.\m
                    -ain.obj)

line level    source

   1          #include "include.h"
   2          
   3          
   4          void delay_ms( INT16U tms )               //声明并定义延时函数,单位ms
   5          {
   6   1          INT16U i;
   7   1      
   8   1          while( tms-- )
   9   1          {
  10   2              for( i = 0; i < 300; i ++ )
  11   2              {
  12   3                  nop();                                //空操作
  13   3                  nop();
  14   3                  nop();
  15   3                  nop();
  16   3                  nop();
  17   3                  nop();
  18   3              }
  19   2          }
  20   1      } 
  21          
  22          
  23          void delay_s( INT16U ts )        //延时函数，单位S
  24          {
  25   1              INT16U x,y;
  26   1              for( x = ts*1000; x > 0; x-- )
  27   1                      for( y = 1100; y > 0; y-- );
  28   1      }
  29          
  30          
  31          
  32          void init_led( void )                           //LED初始化 
  33          {       INT8U i;
  34   1              for( i=0;i<5;i++)
  35   1              {
  36   2                      P16=1;
  37   2                      P17=0;
  38   2                      delay_ms(500);
  39   2                      P16=0;
  40   2                      P17=1;
  41   2                      delay_ms(200);
  42   2              P1 = 0xff;
  43   2              }
  44   1      }
  45          
  46          void init_port( void )          //端口初始化
  47          {
  48   1      //    P0M1 = 0x00;
  49   1      //    P0M0 = 0xff;
  50   1      
  51   1          P3M1 &= ~0x10; //P3M1=P3M1 && ~0x10
  52   1          P3M0 |= 0x10;  //P3M0=P3M0 || 0x10
  53   1          //
  54   1          //  P1M1=0x00;
C51 COMPILER V9.00   MAIN                                                                  05/22/2019 22:12:57 PAGE 2   

  55   1          //  P1M0=0x00;
  56   1          //
  57   1          //  P2M1=0x00;
  58   1          //  P2M0=0xff;
  59   1          //
  60   1          //  P30=1;
  61   1          //  P3M1=0x41;
  62   1          //  P3M0=0xa2;
  63   1          //
  64   1          //  P4M1=0x02;
  65   1          //  P4M0=0x00;
  66   1          BEEP_OFF;
  67   1          LED_OFF;
  68   1      }
  69          
  70          void init_par( void )
  71          {
  72   1          BEEP_OFF;
  73   1          LED_OFF;
  74   1      }
  75          
  76          void init_wdt( void )    //2.7S  看门狗初始化
  77          {
  78   1          //  WDT_CONTR = 0xC1;
  79   1          //  WDT_CONTR = 0x3E;
  80   1      }
  81          
  82          void feed_wdt( void )   //喂狗
  83          {
  84   1          //  WDT_CONTR = 0x3E;
  85   1      }
  86          
  87          void init_all(void)
  88          {
  89   1          EA = 0;                //EA 总中断开关 ，暂时关闭中断
  90   1      
  91   1          init_timer();
  92   1          init_uart();
  93   1          init_port();
  94   1          init_rc522();
  95   1          init_par();
  96   1          init_wdt();
  97   1          init_led();
  98   1      
  99   1          EA = 1;       //允许中断
 100   1      }
 101          
 102          void main(void)
 103          {
 104   1          if((PCON&0x10)==0) //如果POF位=0,PCON电源控制寄存器
 105   1          {
 106   2             PCON=PCON|0x10;  //将POF位置1
 107   2             IAP_CONTR=0x60;  //软复位,从ISP监控区启动
 108   2          }
 109   1          else
 110   1          {
 111   2             PCON=PCON&0xef;  //将POF位清零
 112   2          }
 113   1      
 114   1          lcdInitinal();
 115   1          lcdMsg("RFID智能门禁",1,1);
 116   1          lcdMsg("科技",3,3);
C51 COMPILER V9.00   MAIN                                                                  05/22/2019 22:12:57 PAGE 3   

 117   1              lcdMsg("为老人护航",4,2);
 118   1          delay_ms(5000);
 119   1          lcdInitinal();
 120   1          delay_ms(2);
 121   1      
 122   1              lcdMsg("功能简述：",1,0); 
 123   1          lcdMsg("识别不同类型的卡",2,0);
 124   1              lcdMsg("显示卡号以及状态",3,0); 
 125   1              lcdMsg("对老人卡关照一下",4,0);
 126   1              delay_s(5); 
 127   1              
 128   1      
 129   1          init_all();  //初始化开发板
 130   1      
 131   1      
 132   1          while(1)
 133   1          {
 134   2              feed_wdt();
 135   2              ctrl_process();         
 136   2          }
 137   1      }


MODULE INFORMATION:   STATIC OVERLAYABLE
   CODE SIZE        =    317    ----
   CONSTANT SIZE    =     91    ----
   XDATA SIZE       =   ----    ----
   PDATA SIZE       =   ----    ----
   DATA SIZE        =   ----    ----
   IDATA SIZE       =   ----    ----
   BIT SIZE         =   ----    ----
END OF MODULE INFORMATION.


C51 COMPILATION COMPLETE.  0 WARNING(S),  0 ERROR(S)
